[2024-01-20T11:39:19.42086] [INFO] 
[2024-01-20T11:39:19.42156] [INFO] ##############################################################
[2024-01-20T11:39:19.42163] [INFO]   GpdSw Ver: 13.0.0 - New run of ixpeevtrecon started
[2024-01-20T11:39:19.42167] [INFO] ##############################################################
[2024-01-20T11:39:19.42172] [INFO] 
[2024-01-20T11:39:19.68302] [INFO] Optional Pixel Equalization Matrix file: CALDB
[2024-01-20T11:39:19.77228] [INFO] Optional XPOL Noise Calibration file: NONE
[2024-01-20T11:39:19.85217] [INFO] Optional file XPOL Pedestals Calibration file: NONE
[2024-01-20T11:39:19.200561] [INFO] Run Command : ixpeevtrecon  infile=/home/groups/rwr/ixpenn/data/02007999/recon/ixpe02007901_det1_evt1_v01.fits outfile=/home/groups/rwr/ixpenn/data/02007999/recon/ixpe02007901_det1_evt1_v01_recon.fits pixeqfile=CALDB xpolnoisefile=NONE xpolpedestalfile=NONE CoherentNoiseOffset=CALDB TriggerMiniclusterOffset=CALDB ignoreErrorFlag=0 firstEvent=0 minTrackHits=6 minDensityPoints=4 threshold=20 moma1Threshold=36 moma2Threshold=36 dmin=1.5 dmax=3.5 weightScale=0.05 writeTracks=0
[2024-01-20T11:39:19.200575] [INFO] ------------------------------------------------------------------
[2024-01-20T11:39:19.200580] [INFO]  		Running ixpeevtrecon_1.3
[2024-01-20T11:39:19.200585] [INFO] ------------------------------------------------------------------
[2024-01-20T11:39:19.200589] [INFO]             Input Parameters List: 
[2024-01-20T11:39:19.200594] [INFO] Name of the input ixpeLvl1FitsFile file               : /home/groups/rwr/ixpenn/data/02007999/recon/ixpe02007901_det1_evt1_v01.fits
[2024-01-20T11:39:19.200599] [INFO] Name of the output ixpe file                          : /home/groups/rwr/ixpenn/data/02007999/recon/ixpe02007901_det1_evt1_v01_recon.fits
[2024-01-20T11:39:19.200603] [INFO] OutputSuffixOption                                    : recon
[2024-01-20T11:39:19.200608] [INFO] Log Terminal level                                    : 1
[2024-01-20T11:39:19.200612] [INFO] Log File Level                                        : 1
[2024-01-20T11:39:19.200617] [INFO] Number of initial events to be skipped                : 0
[2024-01-20T11:39:19.200626] [INFO] Input: Pixel Equalization Matrix option file          : CALDB
[2024-01-20T11:39:19.200630] [INFO] Input: XPOL Pedestals Calibration option file         : NONE
[2024-01-20T11:39:19.200634] [INFO] Input: XPOL Noise Calibration option file             : NONE
[2024-01-20T11:39:19.200639] [INFO] Coherent Noise Correction Option                      : CALDB
[2024-01-20T11:39:19.200643] [INFO] Trigger Minicluster Correction Option                 : CALDB
[2024-01-20T11:39:19.200649] [INFO] Threshold Option                                      : 20
[2024-01-20T11:39:19.200654] [INFO] Min Track Hits Option                                 : 6
[2024-01-20T11:39:19.200658] [INFO] Min Density Points Option                             : 4
[2024-01-20T11:39:19.200663] [INFO] Moma1 Threshold Option                                : 36
[2024-01-20T11:39:19.200669] [INFO] Moma2 Threshold Option                                : 36
[2024-01-20T11:39:19.200674] [INFO] DMIN Option                                           : 1.5
[2024-01-20T11:39:19.200679] [INFO] DMAX Option                                           : 3.5
[2024-01-20T11:39:19.200684] [INFO] Weight Scale Option                                   : 0.05
[2024-01-20T11:39:19.200689] [INFO] Ignore Error Flag Option  (0=no, 1=yes)               : 0
[2024-01-20T11:39:19.200693] [INFO] Write Tracks Option (0=no, 1=yes)                     : 0
[2024-01-20T11:39:19.200697] [INFO] ------------------------------------------------------------------
[2024-01-20T11:39:19.200759] [INFO] Opening file /home/groups/rwr/ixpenn/data/02007999/recon/ixpe02007901_det1_evt1_v01.fits in readonly mode
[2024-01-20T11:39:19.216310] [INFO] Reading primary HDU header for /home/groups/rwr/ixpenn/data/02007999/recon/ixpe02007901_det1_evt1_v01.fits...
[2024-01-20T11:39:19.219138] [INFO] Loading Pixel Equalization Matrix from CALDB ...
[2024-01-20T11:39:19.311676] [INFO] Info: CalGetFileName: Found /home/groups/rwr/jtd/caldb/data/ixpe/gpd/bcf/pixeq/ixpe_d1_20170101_pixeq_01.fits file.
[2024-01-20T11:39:19.311688] [INFO] Info: CalGetFileName: in Calibration database./home/groups/rwr/jtd/caldb/data/ixpe/gpd/bcf/pixeq/ixpe_d1_20170101_pixeq_01.fits
[2024-01-20T11:39:19.311695] [INFO] Info: Processing '/home/groups/rwr/jtd/caldb/data/ixpe/gpd/bcf/pixeq/ixpe_d1_20170101_pixeq_01.fits' CALDB file.
[2024-01-20T11:39:19.311702] [INFO] Opening file /home/groups/rwr/jtd/caldb/data/ixpe/gpd/bcf/pixeq/ixpe_d1_20170101_pixeq_01.fits in readonly mode
[2024-01-20T11:39:19.322370] [INFO] Reading primary HDU header for /home/groups/rwr/jtd/caldb/data/ixpe/gpd/bcf/pixeq/ixpe_d1_20170101_pixeq_01.fits...
[2024-01-20T11:39:20.97934] [INFO] File /home/groups/rwr/jtd/caldb/data/ixpe/gpd/bcf/pixeq/ixpe_d1_20170101_pixeq_01.fits closed.
[2024-01-20T11:39:20.104355] [INFO] Info: CalGetFileName: Found /home/groups/rwr/jtd/caldb/data/ixpe/gpd/bcf/asiccorr/ixpe_d1_20170101_asiccorr_02.fits file.
[2024-01-20T11:39:20.104364] [INFO] Info: CalGetFileName: in Calibration database./home/groups/rwr/jtd/caldb/data/ixpe/gpd/bcf/asiccorr/ixpe_d1_20170101_asiccorr_02.fits
[2024-01-20T11:39:20.104370] [INFO] Info: ASIC correction coefficients CALDB file: '/home/groups/rwr/jtd/caldb/data/ixpe/gpd/bcf/asiccorr/ixpe_d1_20170101_asiccorr_02.fits'
[2024-01-20T11:39:20.104375] [INFO] Opening file /home/groups/rwr/jtd/caldb/data/ixpe/gpd/bcf/asiccorr/ixpe_d1_20170101_asiccorr_02.fits in readonly mode
[2024-01-20T11:39:20.139197] [INFO] Reading primary HDU header for /home/groups/rwr/jtd/caldb/data/ixpe/gpd/bcf/asiccorr/ixpe_d1_20170101_asiccorr_02.fits...
[2024-01-20T11:39:20.139254] [INFO] Used the value '3.292' of parameter CoherentNoiseOffset retrieved from the CALDB
[2024-01-20T11:39:20.139260] [INFO] Used the value '5' of parameter TriggerMiniclusterOffset retrieved from the CALDB
[2024-01-20T11:39:20.139807] [INFO] File /home/groups/rwr/jtd/caldb/data/ixpe/gpd/bcf/asiccorr/ixpe_d1_20170101_asiccorr_02.fits closed.
[2024-01-20T11:39:20.139818] [INFO] Trigger threshold for this run: 201.465 mV.
[2024-01-20T11:39:20.139844] [INFO] Clock frequency for this run: 5 MHz
[2024-01-20T11:39:20.139850] [INFO] All calibrations ready.
[2024-01-20T11:39:20.139855] [INFO] Try to open file: /home/groups/rwr/ixpenn/data/02007999/recon/ixpe02007901_det1_evt1_v01_recon.fits
[2024-01-20T11:39:20.139896] [INFO] Creating file /home/groups/rwr/ixpenn/data/02007999/recon/ixpe02007901_det1_evt1_v01_recon.fits
[2024-01-20T11:39:20.142165] [INFO] Creating the primary HDU...
[2024-01-20T11:39:20.142250] [INFO] Creating binary table extension 'EVENTS' for /home/groups/rwr/ixpenn/data/02007999/recon/ixpe02007901_det1_evt1_v01_recon.fits...
[2024-01-20T11:39:20.142368] [INFO] File /home/groups/rwr/ixpenn/data/02007999/recon/ixpe02007901_det1_evt1_v01_recon.fits opened
[2024-01-20T11:39:20.142389] [INFO] Writing primary header for /home/groups/rwr/ixpenn/data/02007999/recon/ixpe02007901_det1_evt1_v01_recon.fits...
[2024-01-20T11:39:20.142594] [INFO] Writing 'EVENTS' extension header for /home/groups/rwr/ixpenn/data/02007999/recon/ixpe02007901_det1_evt1_v01_recon.fits...
[2024-01-20T11:39:20.142992] [INFO] Clock frequency for this run: 5 MHz
[2024-01-20T11:39:20.142999] [INFO] Trigger threshold for this run: 201.465 mV.
[2024-01-20T11:39:20.152154] [INFO] Processing events...
[2024-01-20T11:40:36.663809] [INFO]   ===> Processed # 113042 event(s)
[2024-01-20T11:40:36.664631] [INFO] Creating binary table extension 'GTI' for /home/groups/rwr/ixpenn/data/02007999/recon/ixpe02007901_det1_evt1_v01_recon.fits...
[2024-01-20T11:40:36.664797] [INFO] Writing 'GTI' extension header for /home/groups/rwr/ixpenn/data/02007999/recon/ixpe02007901_det1_evt1_v01_recon.fits...
[2024-01-20T11:40:36.736239] [INFO] File /home/groups/rwr/ixpenn/data/02007999/recon/ixpe02007901_det1_evt1_v01_recon.fits closed.
[2024-01-20T11:40:36.736677] [INFO] File /home/groups/rwr/ixpenn/data/02007999/recon/ixpe02007901_det1_evt1_v01.fits closed.
[2024-01-20T11:40:53.471037] [INFO] 
[2024-01-20T11:40:53.471108] [INFO] ##############################################################
[2024-01-20T11:40:53.471115] [INFO]   GpdSw Ver: 13.0.0 - New run of ixpeevtrecon started
[2024-01-20T11:40:53.471120] [INFO] ##############################################################
[2024-01-20T11:40:53.471124] [INFO] 
[2024-01-20T11:40:53.503106] [INFO] Optional Pixel Equalization Matrix file: CALDB
[2024-01-20T11:40:53.514426] [INFO] Optional XPOL Noise Calibration file: NONE
[2024-01-20T11:40:53.525308] [INFO] Optional file XPOL Pedestals Calibration file: NONE
[2024-01-20T11:40:53.651686] [INFO] Run Command : ixpeevtrecon  infile=/home/groups/rwr/ixpenn/data/02007999/recon/ixpe02007901_det2_evt1_v01.fits outfile=/home/groups/rwr/ixpenn/data/02007999/recon/ixpe02007901_det2_evt1_v01_recon.fits pixeqfile=CALDB xpolnoisefile=NONE xpolpedestalfile=NONE CoherentNoiseOffset=CALDB TriggerMiniclusterOffset=CALDB ignoreErrorFlag=0 firstEvent=0 minTrackHits=6 minDensityPoints=4 threshold=20 moma1Threshold=36 moma2Threshold=36 dmin=1.5 dmax=3.5 weightScale=0.05 writeTracks=0
[2024-01-20T11:40:53.651701] [INFO] ------------------------------------------------------------------
[2024-01-20T11:40:53.651706] [INFO]  		Running ixpeevtrecon_1.3
[2024-01-20T11:40:53.651711] [INFO] ------------------------------------------------------------------
[2024-01-20T11:40:53.651715] [INFO]             Input Parameters List: 
[2024-01-20T11:40:53.651720] [INFO] Name of the input ixpeLvl1FitsFile file               : /home/groups/rwr/ixpenn/data/02007999/recon/ixpe02007901_det2_evt1_v01.fits
[2024-01-20T11:40:53.651725] [INFO] Name of the output ixpe file                          : /home/groups/rwr/ixpenn/data/02007999/recon/ixpe02007901_det2_evt1_v01_recon.fits
[2024-01-20T11:40:53.651729] [INFO] OutputSuffixOption                                    : recon
[2024-01-20T11:40:53.651734] [INFO] Log Terminal level                                    : 1
[2024-01-20T11:40:53.651738] [INFO] Log File Level                                        : 1
[2024-01-20T11:40:53.651742] [INFO] Number of initial events to be skipped                : 0
[2024-01-20T11:40:53.651747] [INFO] Input: Pixel Equalization Matrix option file          : CALDB
[2024-01-20T11:40:53.651751] [INFO] Input: XPOL Pedestals Calibration option file         : NONE
[2024-01-20T11:40:53.651756] [INFO] Input: XPOL Noise Calibration option file             : NONE
[2024-01-20T11:40:53.651760] [INFO] Coherent Noise Correction Option                      : CALDB
[2024-01-20T11:40:53.651764] [INFO] Trigger Minicluster Correction Option                 : CALDB
[2024-01-20T11:40:53.651771] [INFO] Threshold Option                                      : 20
[2024-01-20T11:40:53.651775] [INFO] Min Track Hits Option                                 : 6
[2024-01-20T11:40:53.651779] [INFO] Min Density Points Option                             : 4
[2024-01-20T11:40:53.651785] [INFO] Moma1 Threshold Option                                : 36
[2024-01-20T11:40:53.651789] [INFO] Moma2 Threshold Option                                : 36
[2024-01-20T11:40:53.651795] [INFO] DMIN Option                                           : 1.5
[2024-01-20T11:40:53.651800] [INFO] DMAX Option                                           : 3.5
[2024-01-20T11:40:53.651805] [INFO] Weight Scale Option                                   : 0.05
[2024-01-20T11:40:53.651809] [INFO] Ignore Error Flag Option  (0=no, 1=yes)               : 0
[2024-01-20T11:40:53.651814] [INFO] Write Tracks Option (0=no, 1=yes)                     : 0
[2024-01-20T11:40:53.651818] [INFO] ------------------------------------------------------------------
[2024-01-20T11:40:53.651877] [INFO] Opening file /home/groups/rwr/ixpenn/data/02007999/recon/ixpe02007901_det2_evt1_v01.fits in readonly mode
[2024-01-20T11:40:53.669448] [INFO] Reading primary HDU header for /home/groups/rwr/ixpenn/data/02007999/recon/ixpe02007901_det2_evt1_v01.fits...
[2024-01-20T11:40:53.671047] [INFO] Loading Pixel Equalization Matrix from CALDB ...
[2024-01-20T11:40:53.682498] [INFO] Info: CalGetFileName: Found /home/groups/rwr/jtd/caldb/data/ixpe/gpd/bcf/pixeq/ixpe_d2_20170101_pixeq_01.fits file.
[2024-01-20T11:40:53.682510] [INFO] Info: CalGetFileName: in Calibration database./home/groups/rwr/jtd/caldb/data/ixpe/gpd/bcf/pixeq/ixpe_d2_20170101_pixeq_01.fits
[2024-01-20T11:40:53.682517] [INFO] Info: Processing '/home/groups/rwr/jtd/caldb/data/ixpe/gpd/bcf/pixeq/ixpe_d2_20170101_pixeq_01.fits' CALDB file.
[2024-01-20T11:40:53.682525] [INFO] Opening file /home/groups/rwr/jtd/caldb/data/ixpe/gpd/bcf/pixeq/ixpe_d2_20170101_pixeq_01.fits in readonly mode
[2024-01-20T11:40:53.696217] [INFO] Reading primary HDU header for /home/groups/rwr/jtd/caldb/data/ixpe/gpd/bcf/pixeq/ixpe_d2_20170101_pixeq_01.fits...
[2024-01-20T11:40:54.505613] [INFO] File /home/groups/rwr/jtd/caldb/data/ixpe/gpd/bcf/pixeq/ixpe_d2_20170101_pixeq_01.fits closed.
[2024-01-20T11:40:54.510323] [INFO] Info: CalGetFileName: Found /home/groups/rwr/jtd/caldb/data/ixpe/gpd/bcf/asiccorr/ixpe_d2_20170101_asiccorr_02.fits file.
[2024-01-20T11:40:54.510332] [INFO] Info: CalGetFileName: in Calibration database./home/groups/rwr/jtd/caldb/data/ixpe/gpd/bcf/asiccorr/ixpe_d2_20170101_asiccorr_02.fits
[2024-01-20T11:40:54.510339] [INFO] Info: ASIC correction coefficients CALDB file: '/home/groups/rwr/jtd/caldb/data/ixpe/gpd/bcf/asiccorr/ixpe_d2_20170101_asiccorr_02.fits'
[2024-01-20T11:40:54.510345] [INFO] Opening file /home/groups/rwr/jtd/caldb/data/ixpe/gpd/bcf/asiccorr/ixpe_d2_20170101_asiccorr_02.fits in readonly mode
[2024-01-20T11:40:54.514813] [INFO] Reading primary HDU header for /home/groups/rwr/jtd/caldb/data/ixpe/gpd/bcf/asiccorr/ixpe_d2_20170101_asiccorr_02.fits...
[2024-01-20T11:40:54.514870] [INFO] Used the value '3.329' of parameter CoherentNoiseOffset retrieved from the CALDB
[2024-01-20T11:40:54.514876] [INFO] Used the value '5' of parameter TriggerMiniclusterOffset retrieved from the CALDB
[2024-01-20T11:40:54.515324] [INFO] File /home/groups/rwr/jtd/caldb/data/ixpe/gpd/bcf/asiccorr/ixpe_d2_20170101_asiccorr_02.fits closed.
[2024-01-20T11:40:54.515335] [INFO] Trigger threshold for this run: 201.465 mV.
[2024-01-20T11:40:54.515360] [INFO] Clock frequency for this run: 5 MHz
[2024-01-20T11:40:54.515366] [INFO] All calibrations ready.
[2024-01-20T11:40:54.515371] [INFO] Try to open file: /home/groups/rwr/ixpenn/data/02007999/recon/ixpe02007901_det2_evt1_v01_recon.fits
[2024-01-20T11:40:54.515412] [INFO] Creating file /home/groups/rwr/ixpenn/data/02007999/recon/ixpe02007901_det2_evt1_v01_recon.fits
[2024-01-20T11:40:54.516810] [INFO] Creating the primary HDU...
[2024-01-20T11:40:54.516894] [INFO] Creating binary table extension 'EVENTS' for /home/groups/rwr/ixpenn/data/02007999/recon/ixpe02007901_det2_evt1_v01_recon.fits...
[2024-01-20T11:40:54.517010] [INFO] File /home/groups/rwr/ixpenn/data/02007999/recon/ixpe02007901_det2_evt1_v01_recon.fits opened
[2024-01-20T11:40:54.517032] [INFO] Writing primary header for /home/groups/rwr/ixpenn/data/02007999/recon/ixpe02007901_det2_evt1_v01_recon.fits...
[2024-01-20T11:40:54.517239] [INFO] Writing 'EVENTS' extension header for /home/groups/rwr/ixpenn/data/02007999/recon/ixpe02007901_det2_evt1_v01_recon.fits...
[2024-01-20T11:40:54.517638] [INFO] Clock frequency for this run: 5 MHz
[2024-01-20T11:40:54.517645] [INFO] Trigger threshold for this run: 201.465 mV.
[2024-01-20T11:40:54.526777] [INFO] Processing events...
[2024-01-20T11:42:13.291678] [INFO]   ===> Processed # 118303 event(s)
[2024-01-20T11:42:13.292652] [INFO] Creating binary table extension 'GTI' for /home/groups/rwr/ixpenn/data/02007999/recon/ixpe02007901_det2_evt1_v01_recon.fits...
[2024-01-20T11:42:13.292817] [INFO] Writing 'GTI' extension header for /home/groups/rwr/ixpenn/data/02007999/recon/ixpe02007901_det2_evt1_v01_recon.fits...
[2024-01-20T11:42:13.329957] [INFO] File /home/groups/rwr/ixpenn/data/02007999/recon/ixpe02007901_det2_evt1_v01_recon.fits closed.
[2024-01-20T11:42:13.330406] [INFO] File /home/groups/rwr/ixpenn/data/02007999/recon/ixpe02007901_det2_evt1_v01.fits closed.
[2024-01-20T11:42:28.799645] [INFO] 
[2024-01-20T11:42:28.799716] [INFO] ##############################################################
[2024-01-20T11:42:28.799723] [INFO]   GpdSw Ver: 13.0.0 - New run of ixpeevtrecon started
[2024-01-20T11:42:28.799728] [INFO] ##############################################################
[2024-01-20T11:42:28.799732] [INFO] 
[2024-01-20T11:42:28.823002] [INFO] Optional Pixel Equalization Matrix file: CALDB
[2024-01-20T11:42:28.830989] [INFO] Optional XPOL Noise Calibration file: NONE
[2024-01-20T11:42:28.838782] [INFO] Optional file XPOL Pedestals Calibration file: NONE
[2024-01-20T11:42:28.947497] [INFO] Run Command : ixpeevtrecon  infile=/home/groups/rwr/ixpenn/data/02007999/recon/ixpe02007901_det3_evt1_v01.fits outfile=/home/groups/rwr/ixpenn/data/02007999/recon/ixpe02007901_det3_evt1_v01_recon.fits pixeqfile=CALDB xpolnoisefile=NONE xpolpedestalfile=NONE CoherentNoiseOffset=CALDB TriggerMiniclusterOffset=CALDB ignoreErrorFlag=0 firstEvent=0 minTrackHits=6 minDensityPoints=4 threshold=20 moma1Threshold=36 moma2Threshold=36 dmin=1.5 dmax=3.5 weightScale=0.05 writeTracks=0
[2024-01-20T11:42:28.947511] [INFO] ------------------------------------------------------------------
[2024-01-20T11:42:28.947516] [INFO]  		Running ixpeevtrecon_1.3
[2024-01-20T11:42:28.947521] [INFO] ------------------------------------------------------------------
[2024-01-20T11:42:28.947525] [INFO]             Input Parameters List: 
[2024-01-20T11:42:28.947530] [INFO] Name of the input ixpeLvl1FitsFile file               : /home/groups/rwr/ixpenn/data/02007999/recon/ixpe02007901_det3_evt1_v01.fits
[2024-01-20T11:42:28.947535] [INFO] Name of the output ixpe file                          : /home/groups/rwr/ixpenn/data/02007999/recon/ixpe02007901_det3_evt1_v01_recon.fits
[2024-01-20T11:42:28.947539] [INFO] OutputSuffixOption                                    : recon
[2024-01-20T11:42:28.947544] [INFO] Log Terminal level                                    : 1
[2024-01-20T11:42:28.947548] [INFO] Log File Level                                        : 1
[2024-01-20T11:42:28.947553] [INFO] Number of initial events to be skipped                : 0
[2024-01-20T11:42:28.947557] [INFO] Input: Pixel Equalization Matrix option file          : CALDB
[2024-01-20T11:42:28.947562] [INFO] Input: XPOL Pedestals Calibration option file         : NONE
[2024-01-20T11:42:28.947566] [INFO] Input: XPOL Noise Calibration option file             : NONE
[2024-01-20T11:42:28.947571] [INFO] Coherent Noise Correction Option                      : CALDB
[2024-01-20T11:42:28.947575] [INFO] Trigger Minicluster Correction Option                 : CALDB
[2024-01-20T11:42:28.947582] [INFO] Threshold Option                                      : 20
[2024-01-20T11:42:28.947586] [INFO] Min Track Hits Option                                 : 6
[2024-01-20T11:42:28.947591] [INFO] Min Density Points Option                             : 4
[2024-01-20T11:42:28.947596] [INFO] Moma1 Threshold Option                                : 36
[2024-01-20T11:42:28.947601] [INFO] Moma2 Threshold Option                                : 36
[2024-01-20T11:42:28.947606] [INFO] DMIN Option                                           : 1.5
[2024-01-20T11:42:28.947611] [INFO] DMAX Option                                           : 3.5
[2024-01-20T11:42:28.947617] [INFO] Weight Scale Option                                   : 0.05
[2024-01-20T11:42:28.947626] [INFO] Ignore Error Flag Option  (0=no, 1=yes)               : 0
[2024-01-20T11:42:28.947630] [INFO] Write Tracks Option (0=no, 1=yes)                     : 0
[2024-01-20T11:42:28.947635] [INFO] ------------------------------------------------------------------
[2024-01-20T11:42:28.947694] [INFO] Opening file /home/groups/rwr/ixpenn/data/02007999/recon/ixpe02007901_det3_evt1_v01.fits in readonly mode
[2024-01-20T11:42:28.950089] [INFO] Reading primary HDU header for /home/groups/rwr/ixpenn/data/02007999/recon/ixpe02007901_det3_evt1_v01.fits...
[2024-01-20T11:42:28.951208] [INFO] Loading Pixel Equalization Matrix from CALDB ...
[2024-01-20T11:42:28.957985] [INFO] Info: CalGetFileName: Found /home/groups/rwr/jtd/caldb/data/ixpe/gpd/bcf/pixeq/ixpe_d3_20170101_pixeq_02.fits file.
[2024-01-20T11:42:28.957997] [INFO] Info: CalGetFileName: in Calibration database./home/groups/rwr/jtd/caldb/data/ixpe/gpd/bcf/pixeq/ixpe_d3_20170101_pixeq_02.fits
[2024-01-20T11:42:28.958004] [INFO] Info: Processing '/home/groups/rwr/jtd/caldb/data/ixpe/gpd/bcf/pixeq/ixpe_d3_20170101_pixeq_02.fits' CALDB file.
[2024-01-20T11:42:28.958011] [INFO] Opening file /home/groups/rwr/jtd/caldb/data/ixpe/gpd/bcf/pixeq/ixpe_d3_20170101_pixeq_02.fits in readonly mode
[2024-01-20T11:42:28.972935] [INFO] Reading primary HDU header for /home/groups/rwr/jtd/caldb/data/ixpe/gpd/bcf/pixeq/ixpe_d3_20170101_pixeq_02.fits...
[2024-01-20T11:42:29.737478] [INFO] File /home/groups/rwr/jtd/caldb/data/ixpe/gpd/bcf/pixeq/ixpe_d3_20170101_pixeq_02.fits closed.
[2024-01-20T11:42:29.742994] [INFO] Info: CalGetFileName: Found /home/groups/rwr/jtd/caldb/data/ixpe/gpd/bcf/asiccorr/ixpe_d3_20170101_asiccorr_02.fits file.
[2024-01-20T11:42:29.743003] [INFO] Info: CalGetFileName: in Calibration database./home/groups/rwr/jtd/caldb/data/ixpe/gpd/bcf/asiccorr/ixpe_d3_20170101_asiccorr_02.fits
[2024-01-20T11:42:29.743008] [INFO] Info: ASIC correction coefficients CALDB file: '/home/groups/rwr/jtd/caldb/data/ixpe/gpd/bcf/asiccorr/ixpe_d3_20170101_asiccorr_02.fits'
[2024-01-20T11:42:29.743014] [INFO] Opening file /home/groups/rwr/jtd/caldb/data/ixpe/gpd/bcf/asiccorr/ixpe_d3_20170101_asiccorr_02.fits in readonly mode
[2024-01-20T11:42:29.763917] [INFO] Reading primary HDU header for /home/groups/rwr/jtd/caldb/data/ixpe/gpd/bcf/asiccorr/ixpe_d3_20170101_asiccorr_02.fits...
[2024-01-20T11:42:29.763972] [INFO] Used the value '3.117' of parameter CoherentNoiseOffset retrieved from the CALDB
[2024-01-20T11:42:29.763979] [INFO] Used the value '5' of parameter TriggerMiniclusterOffset retrieved from the CALDB
[2024-01-20T11:42:29.764431] [INFO] File /home/groups/rwr/jtd/caldb/data/ixpe/gpd/bcf/asiccorr/ixpe_d3_20170101_asiccorr_02.fits closed.
[2024-01-20T11:42:29.764442] [INFO] Trigger threshold for this run: 201.465 mV.
[2024-01-20T11:42:29.764465] [INFO] Clock frequency for this run: 5 MHz
[2024-01-20T11:42:29.764471] [INFO] All calibrations ready.
[2024-01-20T11:42:29.764476] [INFO] Try to open file: /home/groups/rwr/ixpenn/data/02007999/recon/ixpe02007901_det3_evt1_v01_recon.fits
[2024-01-20T11:42:29.764514] [INFO] Creating file /home/groups/rwr/ixpenn/data/02007999/recon/ixpe02007901_det3_evt1_v01_recon.fits
[2024-01-20T11:42:29.766133] [INFO] Creating the primary HDU...
[2024-01-20T11:42:29.766216] [INFO] Creating binary table extension 'EVENTS' for /home/groups/rwr/ixpenn/data/02007999/recon/ixpe02007901_det3_evt1_v01_recon.fits...
[2024-01-20T11:42:29.766337] [INFO] File /home/groups/rwr/ixpenn/data/02007999/recon/ixpe02007901_det3_evt1_v01_recon.fits opened
[2024-01-20T11:42:29.766358] [INFO] Writing primary header for /home/groups/rwr/ixpenn/data/02007999/recon/ixpe02007901_det3_evt1_v01_recon.fits...
[2024-01-20T11:42:29.766561] [INFO] Writing 'EVENTS' extension header for /home/groups/rwr/ixpenn/data/02007999/recon/ixpe02007901_det3_evt1_v01_recon.fits...
[2024-01-20T11:42:29.766961] [INFO] Clock frequency for this run: 5 MHz
[2024-01-20T11:42:29.766969] [INFO] Trigger threshold for this run: 201.465 mV.
[2024-01-20T11:42:29.775938] [INFO] Processing events...
[2024-01-20T11:43:46.597944] [INFO]   ===> Processed # 116178 event(s)
[2024-01-20T11:43:46.599175] [INFO] Creating binary table extension 'GTI' for /home/groups/rwr/ixpenn/data/02007999/recon/ixpe02007901_det3_evt1_v01_recon.fits...
[2024-01-20T11:43:46.599340] [INFO] Writing 'GTI' extension header for /home/groups/rwr/ixpenn/data/02007999/recon/ixpe02007901_det3_evt1_v01_recon.fits...
[2024-01-20T11:43:46.691229] [INFO] File /home/groups/rwr/ixpenn/data/02007999/recon/ixpe02007901_det3_evt1_v01_recon.fits closed.
[2024-01-20T11:43:46.691815] [INFO] File /home/groups/rwr/ixpenn/data/02007999/recon/ixpe02007901_det3_evt1_v01.fits closed.
